<?xml version="1.0" encoding="UTF-8"?>
<robot generator="Robot 7.3.2 (Python 3.13.5 on win32)" generated="2026-04-28T03:19:22.525911" rpa="false" schemaversion="5">
<suite id="s1" name="Test Api Auth" source="C:\Users\afiac\PycharmProjects\Projet_entreprise2\tests\api\test_api_auth.robot">
<test id="s1-t1" name="Créer un nouvel utilisateur et authentification" line="12">
<kw name="Create user" owner="userApi">
<kw name="Create API Session" owner="baseApi">
<kw name="Create Session" owner="RequestsLibrary">
<msg time="2026-04-28T03:19:23.394998" level="FAIL">Variable '${BASE_API_URL}' not found.</msg>
<arg>api</arg>
<arg>${BASE_API_URL}</arg>
<doc>Create Session: create a HTTP session to a server</doc>
<status status="FAIL" start="2026-04-28T03:19:23.394435" elapsed="0.000694">Variable '${BASE_API_URL}' not found.</status>
</kw>
<status status="FAIL" start="2026-04-28T03:19:23.393823" elapsed="0.001509">Variable '${BASE_API_URL}' not found.</status>
</kw>
<kw name="Generate User Data" owner="TestDataFactory">
<var>${userData}</var>
<status status="NOT RUN" start="2026-04-28T03:19:23.395623" elapsed="0.000164"/>
</kw>
<kw name="POST Request" owner="baseApi">
<var>${response}</var>
<arg>/notes/api/users/register</arg>
<arg>${userData}</arg>
<status status="NOT RUN" start="2026-04-28T03:19:23.396004" elapsed="0.000105"/>
</kw>
<kw name="Should Be Equal As Integers" owner="BuiltIn">
<arg>${response.status_code}</arg>
<arg>201</arg>
<doc>Fails if objects are unequal after converting them to integers.</doc>
<status status="NOT RUN" start="2026-04-28T03:19:23.396273" elapsed="0.000091"/>
</kw>
<return>
<value>${userData}</value>
<status status="NOT RUN" start="2026-04-28T03:19:23.396486" elapsed="0.000312"/>
</return>
<var>${user_auth}</var>
<status status="FAIL" start="2026-04-28T03:19:23.392851" elapsed="0.004069">Variable '${BASE_API_URL}' not found.</status>
</kw>
<kw name="Authentification user" owner="userApi">
<arg>${user_auth}</arg>
<status status="NOT RUN" start="2026-04-28T03:19:23.397052" elapsed="0.000121"/>
</kw>
<kw name="Log To Console" owner="BuiltIn">
<arg>${user_auth}</arg>
<doc>Logs the given message to the console.</doc>
<status status="NOT RUN" start="2026-04-28T03:19:23.397287" elapsed="0.000126"/>
</kw>
<status status="FAIL" start="2026-04-28T03:19:23.392287" elapsed="0.005267">Variable '${BASE_API_URL}' not found.</status>
</test>
<status status="FAIL" start="2026-04-28T03:19:22.535200" elapsed="0.894557"/>
</suite>
<statistics>
<total>
<stat pass="0" fail="1" skip="0">All Tests</stat>
</total>
<tag>
</tag>
<suite>
<stat name="Test Api Auth" id="s1" pass="0" fail="1" skip="0">Test Api Auth</stat>
</suite>
</statistics>
<errors>
<msg time="2026-04-28T03:19:23.384758" level="ERROR">Error in file 'C:\Users\afiac\PycharmProjects\Projet_entreprise2\ressources\keywords\api\baseApi.robot' on line 3: Replacing variables from setting 'Variables' failed: Variable '${ENV}' not found.</msg>
<msg time="2026-04-28T03:19:23.428961" level="ERROR">Calling method '_end_test' of listener 'Browser' failed: 
#############################################################
#                                                           #
#  RF-Browser dependencies not found in installation path!  #
#           Run `rfbrowser init` to install.                #
#                                                           #
#############################################################
Installation path: C:\Users\afiac\AppData\Roaming\Python\Python313\site-packages\Browser\wrapper</msg>
<msg time="2026-04-28T03:19:23.452605" level="ERROR">Calling method '_end_suite' of listener 'Browser' failed: 
#############################################################
#                                                           #
#  RF-Browser dependencies not found in installation path!  #
#           Run `rfbrowser init` to install.                #
#                                                           #
#############################################################
Installation path: C:\Users\afiac\AppData\Roaming\Python\Python313\site-packages\Browser\wrapper</msg>
</errors>
</robot>
