<?xml version="1.0" encoding="UTF-8"?>
<robot generator="Robot 7.4.2 (Python 3.13.5 on win32)" generated="2026-04-01T15:13:06.612125" rpa="false" schemaversion="5">
<suite id="s1" name="Tests" source="C:\Users\afiac\PycharmProjects\Projet_entreprise2\tests">
<suite id="s1-s1" name="Ui" source="C:\Users\afiac\PycharmProjects\Projet_entreprise2\tests\ui">
<suite id="s1-s1-s1" name="Login" source="C:\Users\afiac\PycharmProjects\Projet_entreprise2\tests\ui\login.robot">
<test id="s1-s1-s1-t1" name="Connexion avec des identifiants invalident" line="15">
<kw name="Ouvrir le navigateur" owner="navigation" type="SETUP">
<kw name="New Browser" owner="Browser">
<msg time="2026-04-01T15:13:07.336323" level="INFO">{"browser": "chromium", "headless": false, "chromiumSandbox": false, "devtools": false, "handleSIGHUP": true, "handleSIGINT": true, "handleSIGTERM": true, "slowMo": 0.0, "timeout": 30000.0, "tracesDir": "C:\\Users\\afiac\\PycharmProjects\\Projet_entreprise2\\resultats\\pabot_results\\2\\browser\\traces\\temp\\2f20c81e-bf86-4e0b-bac5-3608cc1302f7"}</msg>
<msg time="2026-04-01T15:13:07.397655" level="INFO">Starting Browser process C:\Users\afiac\PycharmProjects\Projet_entreprise2\.venv\Lib\site-packages\Browser\wrapper\index.js using at 127.0.0.1:54511</msg>
<msg time="2026-04-01T15:13:09.513376" level="INFO">Successfully created browser with options: {"browser":"chromium","headless":false,"chromiumSandbox":false,"devtools":false,"handleSIGHUP":true,"handleSIGINT":true,"handleSIGTERM":true,"slowMo":0,"timeout":30000,"tracesDir":"C:\\Users\\afiac\\PycharmProjects\\Projet_entreprise2\\resultats\\pabot_results\\2\\browser\\traces\\temp\\2f20c81e-bf86-4e0b-bac5-3608cc1302f7"}</msg>
<arg>${BROWSER}</arg>
<arg>headless=${HEADLESS}</arg>
<tag>BrowserControl</tag>
<tag>Setter</tag>
<doc>Create a new playwright Browser with specified options.</doc>
<status status="PASS" start="2026-04-01T15:13:07.334438" elapsed="2.179156"/>
</kw>
<kw name="New Context" owner="Browser">
<msg time="2026-04-01T15:13:09.517554" level="INFO">{
  "acceptDownloads": true,
  "bypassCSP": false,
  "forcedColors": "none",
  "ignoreHTTPSErrors": false,
  "javaScriptEnabled": true,
  "offline": false,
  "reducedMotion": "no-preference",
  "serviceWorkers": "allow",
  "viewport": {
    "width": 1280,
    "height": 720
  }
}</msg>
<msg time="2026-04-01T15:13:09.549492" level="INFO">Successfully created context. </msg>
<msg time="2026-04-01T15:13:09.549622" level="INFO">{'acceptDownloads': True, 'bypassCSP': False, 'forcedColors': 'none', 'ignoreHTTPSErrors': False, 'javaScriptEnabled': True, 'offline': False, 'reducedMotion': 'no-preference', 'serviceWorkers': 'allow', 'viewport': {'width': 1280, 'height': 720}}</msg>
<tag>BrowserControl</tag>
<tag>Setter</tag>
<doc>Create a new BrowserContext with specified options.</doc>
<status status="PASS" start="2026-04-01T15:13:09.515090" elapsed="0.034664"/>
</kw>
<kw name="New Page" owner="Browser">
<msg time="2026-04-01T15:13:14.256873" level="INFO">Successfully initialized new page object and opened url: https://opensource-demo.orangehrmlive.com</msg>
<arg>${BASE_URL}</arg>
<tag>BrowserControl</tag>
<tag>Setter</tag>
<doc>Open a new Page.</doc>
<status status="PASS" start="2026-04-01T15:13:09.551459" elapsed="4.705743"/>
</kw>
<kw name="Log" owner="BuiltIn">
<msg time="2026-04-01T15:13:14.292393" level="INFO">Ouverture du navigateur</msg>
<arg>Ouverture du navigateur</arg>
<doc>Logs the given message with the given level.</doc>
<status status="PASS" start="2026-04-01T15:13:14.291703" elapsed="0.000797"/>
</kw>
<status status="PASS" start="2026-04-01T15:13:07.333112" elapsed="6.963785"/>
</kw>
<kw name="Authentification echoue" owner="loginBusiness">
<kw name="Vérifier l'url de la page de login" owner="loginPage">
<kw name="Get Url" owner="Browser">
<msg time="2026-04-01T15:13:14.306483" level="INFO">${url} = https://opensource-demo.orangehrmlive.com/web/index.php/auth/login</msg>
<var>${url}</var>
<tag>Assertion</tag>
<tag>Getter</tag>
<tag>PageContent</tag>
<doc>Returns the current URL.</doc>
<status status="PASS" start="2026-04-01T15:13:14.299185" elapsed="0.007404"/>
</kw>
<kw name="Should Contain" owner="BuiltIn">
<arg>${url}</arg>
<arg>/auth/login</arg>
<doc>Fails if ``container`` does not contain ``item`` one or more times.</doc>
<status status="PASS" start="2026-04-01T15:13:14.308519" elapsed="0.001155"/>
</kw>
<status status="PASS" start="2026-04-01T15:13:14.298609" elapsed="0.011534"/>
</kw>
<kw name="Authentification avec les identifiants" owner="loginUi">
<kw name="Saisir le nom utilisateur" owner="loginPage">
<kw name="Fill Text" owner="Browser">
<msg time="2026-04-01T15:13:14.314185" level="INFO">Fills the text 'wrong' in the given field.</msg>
<arg>${champ_nom_utilisateur}</arg>
<arg>${username}</arg>
<tag>PageContent</tag>
<tag>Setter</tag>
<doc>Clears and fills the given ``txt`` into the text field found by ``selector``.</doc>
<status status="PASS" start="2026-04-01T15:13:14.313183" elapsed="1.068663"/>
</kw>
<kw name="Log" owner="BuiltIn">
<msg time="2026-04-01T15:13:15.385170" level="INFO">le nom utilisateur saisir est wrong</msg>
<arg>le nom utilisateur saisir est ${username}</arg>
<doc>Logs the given message with the given level.</doc>
<status status="PASS" start="2026-04-01T15:13:15.383616" elapsed="0.002118"/>
</kw>
<arg>${username}</arg>
<status status="PASS" start="2026-04-01T15:13:14.312208" elapsed="1.075400"/>
</kw>
<kw name="Saisir le mot de passe" owner="loginPage">
<kw name="Fill Text" owner="Browser">
<msg time="2026-04-01T15:13:15.389600" level="INFO">Fills the text 'wrong123' in the given field.</msg>
<arg>${champ_mot_de_passe}</arg>
<arg>${password}</arg>
<tag>PageContent</tag>
<tag>Setter</tag>
<doc>Clears and fills the given ``txt`` into the text field found by ``selector``.</doc>
<status status="PASS" start="2026-04-01T15:13:15.388773" elapsed="0.042878"/>
</kw>
<arg>${password}</arg>
<status status="PASS" start="2026-04-01T15:13:15.388087" elapsed="0.045071"/>
</kw>
<kw name="Cliquer sur le bouton Login" owner="loginPage">
<kw name="Click" owner="Browser">
<msg time="2026-04-01T15:13:15.435178" level="INFO">Clicks the element 'css=button.orangehrm-login-button'.</msg>
<arg>${bouton_login}</arg>
<tag>PageContent</tag>
<tag>Setter</tag>
<doc>Simulates mouse click on the element found by ``selector``.</doc>
<status status="PASS" start="2026-04-01T15:13:15.434283" elapsed="1.374718"/>
</kw>
<status status="PASS" start="2026-04-01T15:13:15.433622" elapsed="1.376740"/>
</kw>
<arg>${username}</arg>
<arg>${password}</arg>
<status status="PASS" start="2026-04-01T15:13:14.310637" elapsed="2.500124"/>
</kw>
<kw name="Verifier Message authentification échoué" owner="loginPage">
<kw name="Wait For Elements State" owner="Browser">
<msg time="2026-04-01T15:13:17.693426" level="INFO">Waited for Element with selector css=p.oxd-text--p.oxd-alert-content-text at state visible</msg>
<arg>${message_erreur}</arg>
<arg>visible</arg>
<arg>timeout=10s</arg>
<tag>PageContent</tag>
<tag>Wait</tag>
<doc>Waits for the element found by ``selector`` to satisfy state option.</doc>
<status status="PASS" start="2026-04-01T15:13:16.811741" elapsed="0.881911"/>
</kw>
<status status="PASS" start="2026-04-01T15:13:16.811170" elapsed="0.883849"/>
</kw>
<arg>${INVALID_USER}</arg>
<arg>${INVALID_PASSWORD}</arg>
<status status="PASS" start="2026-04-01T15:13:14.297506" elapsed="3.397781"/>
</kw>
<kw name="Fermer le navigateur" owner="navigation" type="TEARDOWN">
<kw name="Close Browser" owner="Browser">
<msg time="2026-04-01T15:13:18.199829" level="INFO">Closed browser</msg>
<tag>BrowserControl</tag>
<tag>Setter</tag>
<doc>Closes the current browser.</doc>
<status status="PASS" start="2026-04-01T15:13:17.696309" elapsed="0.503695"/>
</kw>
<kw name="Log" owner="BuiltIn">
<msg time="2026-04-01T15:13:18.202310" level="INFO">Fermeture du navigateur</msg>
<arg>Fermeture du navigateur</arg>
<doc>Logs the given message with the given level.</doc>
<status status="PASS" start="2026-04-01T15:13:18.201488" elapsed="0.000927"/>
</kw>
<status status="PASS" start="2026-04-01T15:13:17.695749" elapsed="0.508454"/>
</kw>
<tag>login</tag>
<tag>moyen</tag>
<tag>regression</tag>
<status status="PASS" start="2026-04-01T15:13:07.331870" elapsed="10.872561"/>
</test>
<status status="PASS" start="2026-04-01T15:13:06.727605" elapsed="11.490697"/>
</suite>
<status status="PASS" start="2026-04-01T15:13:06.726080" elapsed="11.503537"/>
</suite>
<status status="PASS" start="2026-04-01T15:13:06.701083" elapsed="11.529081"/>
</suite>
<statistics>
<total>
<stat pass="1" fail="0" skip="0">All Tests</stat>
</total>
<tag>
<stat pass="1" fail="0" skip="0">login</stat>
<stat pass="1" fail="0" skip="0">moyen</stat>
<stat pass="1" fail="0" skip="0">regression</stat>
</tag>
<suite>
<stat name="Tests" id="s1" pass="1" fail="0" skip="0">Tests</stat>
<stat name="Ui" id="s1-s1" pass="1" fail="0" skip="0">Tests.Ui</stat>
<stat name="Login" id="s1-s1-s1" pass="1" fail="0" skip="0">Tests.Ui.Login</stat>
</suite>
</statistics>
<errors>
</errors>
</robot>
