<?xml version="1.0" encoding="UTF-8"?>
<robot generator="Robot 7.4.2 (Python 3.13.5 on win32)" generated="2026-04-01T19:03:04.190423" rpa="false" schemaversion="5">
<suite id="s1" name="Tests" source="C:\Users\afiac\PycharmProjects\Projet_entreprise2\tests">
<suite id="s1-s1" name="Ui" source="C:\Users\afiac\PycharmProjects\Projet_entreprise2\tests\ui">
<suite id="s1-s1-s1" name="Login" source="C:\Users\afiac\PycharmProjects\Projet_entreprise2\tests\ui\login.robot">
<kw name="Ouvrir le navigateur" owner="navigation" type="SETUP">
<kw name="New Browser" owner="Browser">
<msg time="2026-04-01T19:03:05.486253" level="INFO">{"browser": "chromium", "headless": false, "chromiumSandbox": false, "devtools": false, "handleSIGHUP": true, "handleSIGINT": true, "handleSIGTERM": true, "slowMo": 0.0, "timeout": 30000.0, "tracesDir": "C:\\Users\\afiac\\PycharmProjects\\Projet_entreprise2\\resultats\\pabot_results\\2\\browser\\traces\\temp\\030464c9-5147-4c6d-b193-356fd117ac23"}</msg>
<msg time="2026-04-01T19:03:05.552949" level="INFO">Starting Browser process C:\Users\afiac\PycharmProjects\Projet_entreprise2\.venv\Lib\site-packages\Browser\wrapper\index.js using at 127.0.0.1:58140</msg>
<msg time="2026-04-01T19:03:07.750900" level="INFO">Successfully created browser with options: {"browser":"chromium","headless":false,"chromiumSandbox":false,"devtools":false,"handleSIGHUP":true,"handleSIGINT":true,"handleSIGTERM":true,"slowMo":0,"timeout":30000,"tracesDir":"C:\\Users\\afiac\\PycharmProjects\\Projet_entreprise2\\resultats\\pabot_results\\2\\browser\\traces\\temp\\030464c9-5147-4c6d-b193-356fd117ac23"}</msg>
<arg>${BROWSER}</arg>
<arg>headless=${HEADLESS}</arg>
<tag>BrowserControl</tag>
<tag>Setter</tag>
<doc>Create a new playwright Browser with specified options.</doc>
<status status="PASS" start="2026-04-01T19:03:05.485122" elapsed="2.266132"/>
</kw>
<status status="PASS" start="2026-04-01T19:03:05.483835" elapsed="2.270239"/>
</kw>
<test id="s1-s1-s1-t1" name="Connexion avec des identifiants invalident" line="16">
<kw name="Ouvrir la page" owner="navigation" type="SETUP">
<kw name="New Context" owner="Browser">
<msg time="2026-04-01T19:03:07.764546" level="INFO">{
  "acceptDownloads": true,
  "bypassCSP": false,
  "forcedColors": "none",
  "ignoreHTTPSErrors": false,
  "javaScriptEnabled": true,
  "offline": false,
  "reducedMotion": "no-preference",
  "serviceWorkers": "allow",
  "viewport": {
    "width": 1280,
    "height": 720
  }
}</msg>
<msg time="2026-04-01T19:03:07.833197" level="INFO">Successfully created context. </msg>
<msg time="2026-04-01T19:03:07.833334" level="INFO">{'acceptDownloads': True, 'bypassCSP': False, 'forcedColors': 'none', 'ignoreHTTPSErrors': False, 'javaScriptEnabled': True, 'offline': False, 'reducedMotion': 'no-preference', 'serviceWorkers': 'allow', 'viewport': {'width': 1280, 'height': 720}}</msg>
<tag>BrowserControl</tag>
<tag>Setter</tag>
<doc>Create a new BrowserContext with specified options.</doc>
<status status="PASS" start="2026-04-01T19:03:07.762112" elapsed="0.071336"/>
</kw>
<kw name="New Page" owner="Browser">
<msg time="2026-04-01T19:03:12.766822" level="INFO">Successfully initialized new page object and opened url: https://opensource-demo.orangehrmlive.com</msg>
<arg>${BASE_URL}</arg>
<tag>BrowserControl</tag>
<tag>Setter</tag>
<doc>Open a new Page.</doc>
<status status="PASS" start="2026-04-01T19:03:07.835028" elapsed="4.932283"/>
</kw>
<kw name="Log" owner="BuiltIn">
<msg time="2026-04-01T19:03:12.772145" level="INFO">Ouverture du navigateur</msg>
<arg>Ouverture du navigateur</arg>
<doc>Logs the given message with the given level.</doc>
<status status="PASS" start="2026-04-01T19:03:12.770993" elapsed="0.001325"/>
</kw>
<status status="PASS" start="2026-04-01T19:03:07.761422" elapsed="5.013049"/>
</kw>
<kw name="Authentification echoue" owner="loginBusiness">
<kw name="Vérifier l'url de la page de login" owner="loginPage">
<kw name="Get Url" owner="Browser">
<msg time="2026-04-01T19:03:12.790607" level="INFO">${url} = https://opensource-demo.orangehrmlive.com/web/index.php/auth/login</msg>
<var>${url}</var>
<tag>Assertion</tag>
<tag>Getter</tag>
<tag>PageContent</tag>
<doc>Returns the current URL.</doc>
<status status="PASS" start="2026-04-01T19:03:12.778004" elapsed="0.012684"/>
</kw>
<kw name="Should Contain" owner="BuiltIn">
<arg>${url}</arg>
<arg>/auth/login</arg>
<doc>Fails if ``container`` does not contain ``item`` one or more times.</doc>
<status status="PASS" start="2026-04-01T19:03:12.794887" elapsed="0.002630"/>
</kw>
<status status="PASS" start="2026-04-01T19:03:12.777095" elapsed="0.020984"/>
</kw>
<kw name="Authentification avec les identifiants" owner="loginUi">
<kw name="Saisir le nom utilisateur" owner="loginPage">
<kw name="Fill Text" owner="Browser">
<msg time="2026-04-01T19:03:12.804544" level="INFO">Fills the text 'wrong' in the given field.</msg>
<arg>${champ_nom_utilisateur}</arg>
<arg>${username}</arg>
<tag>PageContent</tag>
<tag>Setter</tag>
<doc>Clears and fills the given ``txt`` into the text field found by ``selector``.</doc>
<status status="PASS" start="2026-04-01T19:03:12.803305" elapsed="0.984392"/>
</kw>
<kw name="Log" owner="BuiltIn">
<msg time="2026-04-01T19:03:13.790890" level="INFO">le nom utilisateur saisir est wrong</msg>
<arg>le nom utilisateur saisir est ${username}</arg>
<doc>Logs the given message with the given level.</doc>
<status status="PASS" start="2026-04-01T19:03:13.790024" elapsed="0.001037"/>
</kw>
<arg>${username}</arg>
<status status="PASS" start="2026-04-01T19:03:12.800053" elapsed="0.992732"/>
</kw>
<kw name="Saisir le mot de passe" owner="loginPage">
<kw name="Fill Text" owner="Browser">
<msg time="2026-04-01T19:03:13.795281" level="INFO">Fills the text 'wrong123' in the given field.</msg>
<arg>${champ_mot_de_passe}</arg>
<arg>${password}</arg>
<tag>PageContent</tag>
<tag>Setter</tag>
<doc>Clears and fills the given ``txt`` into the text field found by ``selector``.</doc>
<status status="PASS" start="2026-04-01T19:03:13.794318" elapsed="0.088976"/>
</kw>
<arg>${password}</arg>
<status status="PASS" start="2026-04-01T19:03:13.793471" elapsed="0.092986"/>
</kw>
<kw name="Cliquer sur le bouton Login" owner="loginPage">
<kw name="Click" owner="Browser">
<msg time="2026-04-01T19:03:13.891442" level="INFO">Clicks the element 'css=button.orangehrm-login-button'.</msg>
<arg>${bouton_login}</arg>
<tag>PageContent</tag>
<tag>Setter</tag>
<doc>Simulates mouse click on the element found by ``selector``.</doc>
<status status="PASS" start="2026-04-01T19:03:13.889458" elapsed="1.035080"/>
</kw>
<status status="PASS" start="2026-04-01T19:03:13.887846" elapsed="1.039400"/>
</kw>
<arg>${username}</arg>
<arg>${password}</arg>
<status status="PASS" start="2026-04-01T19:03:12.798809" elapsed="2.128851"/>
</kw>
<kw name="Verifier Message authentification échoué" owner="loginPage">
<kw name="Wait For Elements State" owner="Browser">
<msg time="2026-04-01T19:03:15.835189" level="INFO">Waited for Element with selector css=p.oxd-text--p.oxd-alert-content-text at state visible</msg>
<arg>${message_erreur}</arg>
<arg>visible</arg>
<arg>timeout=10s</arg>
<tag>PageContent</tag>
<tag>Wait</tag>
<doc>Waits for the element found by ``selector`` to satisfy state option.</doc>
<status status="PASS" start="2026-04-01T19:03:14.929311" elapsed="0.906436"/>
</kw>
<status status="PASS" start="2026-04-01T19:03:14.928263" elapsed="0.909464"/>
</kw>
<arg>${INVALID_USER}</arg>
<arg>${INVALID_PASSWORD}</arg>
<status status="PASS" start="2026-04-01T19:03:12.775213" elapsed="3.063315"/>
</kw>
<msg time="2026-04-01T19:03:15.900038" level="INFO">Switching context to context=cb50eef8-35e2-41a0-a024-1efff3e6916c in CURRENT</msg>
<msg time="2026-04-01T19:03:15.927187" level="INFO">Successfully changed active context: context=cb50eef8-35e2-41a0-a024-1efff3e6916c</msg>
<msg time="2026-04-01T19:03:16.158038" level="INFO">Successfully closed Context</msg>
<tag>login</tag>
<tag>moyen</tag>
<tag>regression</tag>
<status status="PASS" start="2026-04-01T19:03:07.754435" elapsed="8.084938"/>
</test>
<kw name="Fermer le navigateur" owner="navigation" type="TEARDOWN">
<kw name="Close Browser" owner="Browser">
<msg time="2026-04-01T19:03:17.511541" level="INFO">Closed browser</msg>
<tag>BrowserControl</tag>
<tag>Setter</tag>
<doc>Closes the current browser.</doc>
<status status="PASS" start="2026-04-01T19:03:16.163076" elapsed="1.348727"/>
</kw>
<kw name="Log" owner="BuiltIn">
<msg time="2026-04-01T19:03:17.514022" level="INFO">Fermeture du navigateur</msg>
<arg>Fermeture du navigateur</arg>
<doc>Logs the given message with the given level.</doc>
<status status="PASS" start="2026-04-01T19:03:17.513326" elapsed="0.000810"/>
</kw>
<status status="PASS" start="2026-04-01T19:03:16.161815" elapsed="1.353687"/>
</kw>
<status status="PASS" start="2026-04-01T19:03:04.787204" elapsed="12.728573"/>
</suite>
<status status="PASS" start="2026-04-01T19:03:04.785533" elapsed="12.745249"/>
</suite>
<status status="PASS" start="2026-04-01T19:03:04.755785" elapsed="12.775715"/>
</suite>
<statistics>
<total>
<stat pass="1" fail="0" skip="0">All Tests</stat>
</total>
<tag>
<stat pass="1" fail="0" skip="0">login</stat>
<stat pass="1" fail="0" skip="0">moyen</stat>
<stat pass="1" fail="0" skip="0">regression</stat>
</tag>
<suite>
<stat name="Tests" id="s1" pass="1" fail="0" skip="0">Tests</stat>
<stat name="Ui" id="s1-s1" pass="1" fail="0" skip="0">Tests.Ui</stat>
<stat name="Login" id="s1-s1-s1" pass="1" fail="0" skip="0">Tests.Ui.Login</stat>
</suite>
</statistics>
<errors>
</errors>
</robot>
