<?xml version="1.0" encoding="UTF-8"?>
<robot generator="Robot 7.4.2 (Python 3.13.5 on win32)" generated="2026-05-05T00:34:17.948461" rpa="false" schemaversion="5">
<suite id="s1" name="Tests" source="C:\Users\afiac\PycharmProjects\Projet_entreprise2\tests">
<suite id="s1-s1" name="Api" source="C:\Users\afiac\PycharmProjects\Projet_entreprise2\tests\api">
<suite id="s1-s1-s1" name="Test Wiremock" source="C:\Users\afiac\PycharmProjects\Projet_entreprise2\tests\api\test_wiremock.robot">
<test id="s1-s1-s1-t1" name="Test Récupération Utilisateur Mocké" line="5">
<kw name="Créer Session API" owner="wiremock">
<kw name="Create Session" owner="RequestsLibrary">
<msg time="2026-05-05T00:34:18.474385" level="INFO">Creating Session using : alias=api, url=http://localhost:8282, headers={},                     cookies={}, auth=None, timeout=None, proxies=None, verify=False,                     debug=0 </msg>
<arg>api</arg>
<arg>http://localhost:8282</arg>
<doc>Create Session: create a HTTP session to a server</doc>
<status status="PASS" start="2026-05-05T00:34:18.474210" elapsed="0.000428"/>
</kw>
<status status="PASS" start="2026-05-05T00:34:18.473575" elapsed="0.001167"/>
</kw>
<kw name="Récupérer Utilisateur" owner="wiremock">
<kw name="GET On Session" owner="RequestsLibrary">
<msg time="2026-05-05T00:34:18.531113" level="INFO">GET Request : url=http://localhost:8282/api/user/1 
 path_url=/api/user/1 
 headers={'User-Agent': 'python-requests/2.33.1', 'Accept-Encoding': 'gzip, deflate', 'Accept': '*/*', 'Connection': 'keep-alive'} 
 body=None 
 </msg>
<msg time="2026-05-05T00:34:18.531354" level="INFO">GET Response : url=http://localhost:8282/api/user/1 
 status=200, reason=OK 
 headers={'Content-Type': 'application/json', 'Matched-Stub-Id': '65788c36-ba82-4d1f-9710-cf41e7d1b8ab', 'Content-Encoding': 'gzip', 'Transfer-Encoding': 'chunked'} 
 body={"id":1,"name":"John Doe","email":"john@test.com"} 
 </msg>
<msg time="2026-05-05T00:34:18.531672" level="INFO">${response} = &lt;Response [200]&gt;</msg>
<var>${response}</var>
<arg>api</arg>
<arg>/api/user/1</arg>
<doc>Sends a GET request on a previously created HTTP Session.</doc>
<status status="PASS" start="2026-05-05T00:34:18.475193" elapsed="0.056544"/>
</kw>
<return>
<value>${response}</value>
<status status="PASS" start="2026-05-05T00:34:18.531879" elapsed="0.000097"/>
</return>
<msg time="2026-05-05T00:34:18.532327" level="INFO">${response} = &lt;Response [200]&gt;</msg>
<var>${response}</var>
<status status="PASS" start="2026-05-05T00:34:18.474937" elapsed="0.057458"/>
</kw>
<kw name="Should Be Equal As Integers" owner="BuiltIn">
<msg time="2026-05-05T00:34:18.534044" level="INFO">Argument types are:
&lt;class 'int'&gt;
&lt;class 'str'&gt;</msg>
<arg>${response.status_code}</arg>
<arg>200</arg>
<doc>Fails if objects are unequal after converting them to integers.</doc>
<status status="PASS" start="2026-05-05T00:34:18.532633" elapsed="0.001547"/>
</kw>
<kw name="Should Be Equal As Strings" owner="BuiltIn">
<arg>${response.json()}[name]</arg>
<arg>John Doe</arg>
<doc>Fails if objects are unequal after converting them to strings.</doc>
<status status="PASS" start="2026-05-05T00:34:18.534412" elapsed="0.001323"/>
</kw>
<kw name="Should Be Equal As Strings" owner="BuiltIn">
<arg>${response.json()}[email]</arg>
<arg>john@test.com</arg>
<doc>Fails if objects are unequal after converting them to strings.</doc>
<status status="PASS" start="2026-05-05T00:34:18.535962" elapsed="0.001214"/>
</kw>
<status status="PASS" start="2026-05-05T00:34:18.472826" elapsed="0.064640"/>
</test>
<status status="PASS" start="2026-05-05T00:34:18.060079" elapsed="0.478252"/>
</suite>
<status status="PASS" start="2026-05-05T00:34:18.057124" elapsed="0.482487"/>
</suite>
<status status="PASS" start="2026-05-05T00:34:17.951603" elapsed="0.589039"/>
</suite>
<statistics>
<total>
<stat pass="1" fail="0" skip="0">All Tests</stat>
</total>
<tag>
</tag>
<suite>
<stat name="Tests" id="s1" pass="1" fail="0" skip="0">Tests</stat>
<stat name="Api" id="s1-s1" pass="1" fail="0" skip="0">Tests.Api</stat>
<stat name="Test Wiremock" id="s1-s1-s1" pass="1" fail="0" skip="0">Tests.Api.Test Wiremock</stat>
</suite>
</statistics>
<errors>
<msg time="2026-05-05T00:34:18.066219" level="WARN">Error in file 'C:\Users\afiac\PycharmProjects\Projet_entreprise2\ressources\keywords\api\wiremock.robot' on line 10: The '[Return]' setting is deprecated. Use the 'RETURN' statement instead.</msg>
</errors>
</robot>
