<?xml version="1.0" encoding="UTF-8"?>
<robot generator="Robot 7.4.2 (Python 3.13.5 on win32)" generated="2026-04-01T19:03:04.194275" rpa="false" schemaversion="5">
<suite id="s1" name="Tests" source="C:\Users\afiac\PycharmProjects\Projet_entreprise2\tests">
<suite id="s1-s1" name="Ui" source="C:\Users\afiac\PycharmProjects\Projet_entreprise2\tests\ui">
<suite id="s1-s1-s1" name="Login" source="C:\Users\afiac\PycharmProjects\Projet_entreprise2\tests\ui\login.robot">
<kw name="Ouvrir le navigateur" owner="navigation" type="SETUP">
<kw name="New Browser" owner="Browser">
<msg time="2026-04-01T19:03:05.476823" level="INFO">{"browser": "chromium", "headless": false, "chromiumSandbox": false, "devtools": false, "handleSIGHUP": true, "handleSIGINT": true, "handleSIGTERM": true, "slowMo": 0.0, "timeout": 30000.0, "tracesDir": "C:\\Users\\afiac\\PycharmProjects\\Projet_entreprise2\\resultats\\pabot_results\\3\\browser\\traces\\temp\\de89e4c2-4c2f-4ad9-8c21-befba5506167"}</msg>
<msg time="2026-04-01T19:03:05.530979" level="INFO">Starting Browser process C:\Users\afiac\PycharmProjects\Projet_entreprise2\.venv\Lib\site-packages\Browser\wrapper\index.js using at 127.0.0.1:58139</msg>
<msg time="2026-04-01T19:03:07.942355" level="INFO">Successfully created browser with options: {"browser":"chromium","headless":false,"chromiumSandbox":false,"devtools":false,"handleSIGHUP":true,"handleSIGINT":true,"handleSIGTERM":true,"slowMo":0,"timeout":30000,"tracesDir":"C:\\Users\\afiac\\PycharmProjects\\Projet_entreprise2\\resultats\\pabot_results\\3\\browser\\traces\\temp\\de89e4c2-4c2f-4ad9-8c21-befba5506167"}</msg>
<arg>${BROWSER}</arg>
<arg>headless=${HEADLESS}</arg>
<tag>BrowserControl</tag>
<tag>Setter</tag>
<doc>Create a new playwright Browser with specified options.</doc>
<status status="PASS" start="2026-04-01T19:03:05.475659" elapsed="2.466984"/>
</kw>
<status status="PASS" start="2026-04-01T19:03:05.474381" elapsed="2.469751"/>
</kw>
<test id="s1-s1-s1-t1" name="Connexion avec des identifiants vident" line="20">
<kw name="Ouvrir la page" owner="navigation" type="SETUP">
<kw name="New Context" owner="Browser">
<msg time="2026-04-01T19:03:07.956012" level="INFO">{
  "acceptDownloads": true,
  "bypassCSP": false,
  "forcedColors": "none",
  "ignoreHTTPSErrors": false,
  "javaScriptEnabled": true,
  "offline": false,
  "reducedMotion": "no-preference",
  "serviceWorkers": "allow",
  "viewport": {
    "width": 1280,
    "height": 720
  }
}</msg>
<msg time="2026-04-01T19:03:08.032148" level="INFO">Successfully created context. </msg>
<msg time="2026-04-01T19:03:08.032291" level="INFO">{'acceptDownloads': True, 'bypassCSP': False, 'forcedColors': 'none', 'ignoreHTTPSErrors': False, 'javaScriptEnabled': True, 'offline': False, 'reducedMotion': 'no-preference', 'serviceWorkers': 'allow', 'viewport': {'width': 1280, 'height': 720}}</msg>
<tag>BrowserControl</tag>
<tag>Setter</tag>
<doc>Create a new BrowserContext with specified options.</doc>
<status status="PASS" start="2026-04-01T19:03:07.953107" elapsed="0.079669"/>
</kw>
<kw name="New Page" owner="Browser">
<msg time="2026-04-01T19:03:12.649870" level="INFO">Successfully initialized new page object and opened url: https://opensource-demo.orangehrmlive.com</msg>
<arg>${BASE_URL}</arg>
<tag>BrowserControl</tag>
<tag>Setter</tag>
<doc>Open a new Page.</doc>
<status status="PASS" start="2026-04-01T19:03:08.034891" elapsed="4.615245"/>
</kw>
<kw name="Log" owner="BuiltIn">
<msg time="2026-04-01T19:03:12.653673" level="INFO">Ouverture du navigateur</msg>
<arg>Ouverture du navigateur</arg>
<doc>Logs the given message with the given level.</doc>
<status status="PASS" start="2026-04-01T19:03:12.652400" elapsed="0.001484"/>
</kw>
<status status="PASS" start="2026-04-01T19:03:07.952301" elapsed="4.703521"/>
</kw>
<kw name="Authentification avec coordonnées vident" owner="loginBusiness">
<kw name="Vérifier l'url de la page de login" owner="loginPage">
<kw name="Get Url" owner="Browser">
<msg time="2026-04-01T19:03:12.665137" level="INFO">${url} = https://opensource-demo.orangehrmlive.com/web/index.php/auth/login</msg>
<var>${url}</var>
<tag>Assertion</tag>
<tag>Getter</tag>
<tag>PageContent</tag>
<doc>Returns the current URL.</doc>
<status status="PASS" start="2026-04-01T19:03:12.658838" elapsed="0.006398"/>
</kw>
<kw name="Should Contain" owner="BuiltIn">
<arg>${url}</arg>
<arg>/auth/login</arg>
<doc>Fails if ``container`` does not contain ``item`` one or more times.</doc>
<status status="PASS" start="2026-04-01T19:03:12.667110" elapsed="0.001700"/>
</kw>
<status status="PASS" start="2026-04-01T19:03:12.657998" elapsed="0.011415"/>
</kw>
<kw name="Authentification avec les identifiants" owner="loginUi">
<kw name="Saisir le nom utilisateur" owner="loginPage">
<kw name="Fill Text" owner="Browser">
<msg time="2026-04-01T19:03:12.673066" level="INFO">Fills the text '' in the given field.</msg>
<arg>${champ_nom_utilisateur}</arg>
<arg>${username}</arg>
<tag>PageContent</tag>
<tag>Setter</tag>
<doc>Clears and fills the given ``txt`` into the text field found by ``selector``.</doc>
<status status="PASS" start="2026-04-01T19:03:12.671995" elapsed="0.711231"/>
</kw>
<kw name="Log" owner="BuiltIn">
<msg time="2026-04-01T19:03:13.389139" level="INFO">le nom utilisateur saisir est </msg>
<arg>le nom utilisateur saisir est ${username}</arg>
<doc>Logs the given message with the given level.</doc>
<status status="PASS" start="2026-04-01T19:03:13.386784" elapsed="0.002546"/>
</kw>
<arg>${username}</arg>
<status status="PASS" start="2026-04-01T19:03:12.671224" elapsed="0.777555"/>
</kw>
<kw name="Saisir le mot de passe" owner="loginPage">
<kw name="Fill Text" owner="Browser">
<msg time="2026-04-01T19:03:13.454920" level="INFO">Fills the text '' in the given field.</msg>
<arg>${champ_mot_de_passe}</arg>
<arg>${password}</arg>
<tag>PageContent</tag>
<tag>Setter</tag>
<doc>Clears and fills the given ``txt`` into the text field found by ``selector``.</doc>
<status status="PASS" start="2026-04-01T19:03:13.450962" elapsed="0.033799"/>
</kw>
<arg>${password}</arg>
<status status="PASS" start="2026-04-01T19:03:13.449382" elapsed="0.037110"/>
</kw>
<kw name="Cliquer sur le bouton Login" owner="loginPage">
<kw name="Click" owner="Browser">
<msg time="2026-04-01T19:03:13.489197" level="INFO">Clicks the element 'css=button.orangehrm-login-button'.</msg>
<arg>${bouton_login}</arg>
<tag>PageContent</tag>
<tag>Setter</tag>
<doc>Simulates mouse click on the element found by ``selector``.</doc>
<status status="PASS" start="2026-04-01T19:03:13.487852" elapsed="0.194449"/>
</kw>
<status status="PASS" start="2026-04-01T19:03:13.487009" elapsed="0.196745"/>
</kw>
<arg>${username}</arg>
<arg>${password}</arg>
<status status="PASS" start="2026-04-01T19:03:12.670048" elapsed="1.014026"/>
</kw>
<kw name="Vérifier le message d'erreur required pour le champ username" owner="loginPage">
<kw name="Wait For Elements State" owner="Browser">
<msg time="2026-04-01T19:03:13.707281" level="INFO">Waited for Element with selector css=span.oxd-input-field-error-message.oxd-input-group__message &gt;&gt; nth=0 at state visible</msg>
<arg>${message_required_username}</arg>
<arg>visible</arg>
<arg>timeout=10s</arg>
<tag>PageContent</tag>
<tag>Wait</tag>
<doc>Waits for the element found by ``selector`` to satisfy state option.</doc>
<status status="PASS" start="2026-04-01T19:03:13.685231" elapsed="0.022537"/>
</kw>
<status status="PASS" start="2026-04-01T19:03:13.684513" elapsed="0.025357"/>
</kw>
<kw name="Vérifier le message d'erreur required pour le champ password" owner="loginPage">
<kw name="Wait For Elements State" owner="Browser">
<msg time="2026-04-01T19:03:13.729344" level="INFO">Waited for Element with selector css=span.oxd-input-field-error-message.oxd-input-group__message &gt;&gt; nth=1 at state visible</msg>
<arg>${message_required_password}</arg>
<arg>visible</arg>
<arg>timeout=10s</arg>
<tag>PageContent</tag>
<tag>Wait</tag>
<doc>Waits for the element found by ``selector`` to satisfy state option.</doc>
<status status="PASS" start="2026-04-01T19:03:13.711321" elapsed="0.018246"/>
</kw>
<status status="PASS" start="2026-04-01T19:03:13.710454" elapsed="0.021263"/>
</kw>
<arg>${CHAMP_VIDE}</arg>
<arg>${CHAMP_VIDE}</arg>
<status status="PASS" start="2026-04-01T19:03:12.656800" elapsed="1.075465"/>
</kw>
<msg time="2026-04-01T19:03:13.766471" level="INFO">Switching context to context=906fc94c-dbec-49ea-98f5-7b41a93ef39e in CURRENT</msg>
<msg time="2026-04-01T19:03:13.788402" level="INFO">Successfully changed active context: context=906fc94c-dbec-49ea-98f5-7b41a93ef39e</msg>
<msg time="2026-04-01T19:03:13.863633" level="INFO">Successfully closed Context</msg>
<tag>faible</tag>
<tag>login</tag>
<tag>regression</tag>
<status status="PASS" start="2026-04-01T19:03:07.944544" elapsed="5.788272"/>
</test>
<kw name="Fermer le navigateur" owner="navigation" type="TEARDOWN">
<kw name="Close Browser" owner="Browser">
<msg time="2026-04-01T19:03:14.383784" level="INFO">Closed browser</msg>
<tag>BrowserControl</tag>
<tag>Setter</tag>
<doc>Closes the current browser.</doc>
<status status="PASS" start="2026-04-01T19:03:13.866290" elapsed="0.517793"/>
</kw>
<kw name="Log" owner="BuiltIn">
<msg time="2026-04-01T19:03:14.387419" level="INFO">Fermeture du navigateur</msg>
<arg>Fermeture du navigateur</arg>
<doc>Logs the given message with the given level.</doc>
<status status="PASS" start="2026-04-01T19:03:14.386508" elapsed="0.001046"/>
</kw>
<status status="PASS" start="2026-04-01T19:03:13.865453" elapsed="0.524111"/>
</kw>
<status status="PASS" start="2026-04-01T19:03:04.785177" elapsed="9.604714"/>
</suite>
<status status="PASS" start="2026-04-01T19:03:04.783162" elapsed="9.628887"/>
</suite>
<status status="PASS" start="2026-04-01T19:03:04.755054" elapsed="9.658090"/>
</suite>
<statistics>
<total>
<stat pass="1" fail="0" skip="0">All Tests</stat>
</total>
<tag>
<stat pass="1" fail="0" skip="0">faible</stat>
<stat pass="1" fail="0" skip="0">login</stat>
<stat pass="1" fail="0" skip="0">regression</stat>
</tag>
<suite>
<stat name="Tests" id="s1" pass="1" fail="0" skip="0">Tests</stat>
<stat name="Ui" id="s1-s1" pass="1" fail="0" skip="0">Tests.Ui</stat>
<stat name="Login" id="s1-s1-s1" pass="1" fail="0" skip="0">Tests.Ui.Login</stat>
</suite>
</statistics>
<errors>
</errors>
</robot>
