<?xml version="1.0" encoding="UTF-8"?>
<robot generator="Robot 7.4.2 (Python 3.13.5 on win32)" generated="2026-04-01T19:03:09.362816" rpa="false" schemaversion="5">
<suite id="s1" name="Tests" source="C:\Users\afiac\PycharmProjects\Projet_entreprise2\tests">
<suite id="s1-s1" name="Ui" source="C:\Users\afiac\PycharmProjects\Projet_entreprise2\tests\ui">
<suite id="s1-s1-s1" name="Test" source="C:\Users\afiac\PycharmProjects\Projet_entreprise2\tests\ui\test.robot">
<test id="s1-s1-s1-t1" name="Open Google" line="5">
<kw name="New Browser" owner="Browser">
<msg time="2026-04-01T19:03:10.436297" level="INFO">{"browser": "chromium", "headless": true, "chromiumSandbox": false, "devtools": false, "handleSIGHUP": true, "handleSIGINT": true, "handleSIGTERM": true, "slowMo": 0.0, "timeout": 30000.0, "tracesDir": "C:\\Users\\afiac\\PycharmProjects\\Projet_entreprise2\\resultats\\pabot_results\\4\\browser\\traces\\temp\\63eac836-084b-4857-9e78-eede7a1ce743"}</msg>
<msg time="2026-04-01T19:03:10.641182" level="INFO">Starting Browser process C:\Users\afiac\PycharmProjects\Projet_entreprise2\.venv\Lib\site-packages\Browser\wrapper\index.js using at 127.0.0.1:62394</msg>
<msg time="2026-04-01T19:03:13.033106" level="INFO">Successfully created browser with options: {"browser":"chromium","headless":true,"chromiumSandbox":false,"devtools":false,"handleSIGHUP":true,"handleSIGINT":true,"handleSIGTERM":true,"slowMo":0,"timeout":30000,"tracesDir":"C:\\Users\\afiac\\PycharmProjects\\Projet_entreprise2\\resultats\\pabot_results\\4\\browser\\traces\\temp\\63eac836-084b-4857-9e78-eede7a1ce743"}</msg>
<arg>chromium</arg>
<arg>headless=True</arg>
<tag>BrowserControl</tag>
<tag>Setter</tag>
<doc>Create a new playwright Browser with specified options.</doc>
<status status="PASS" start="2026-04-01T19:03:10.433021" elapsed="2.600369"/>
</kw>
<kw name="New Page" owner="Browser">
<msg time="2026-04-01T19:03:14.406762" level="INFO">Successfully initialized new page object and opened url: https://www.google.com</msg>
<msg time="2026-04-01T19:03:14.406996" level="INFO">No context was open. New context was automatically opened when this page is created.</msg>
<arg>https://www.google.com</arg>
<tag>BrowserControl</tag>
<tag>Setter</tag>
<doc>Open a new Page.</doc>
<status status="PASS" start="2026-04-01T19:03:13.035527" elapsed="1.371980"/>
</kw>
<msg time="2026-04-01T19:03:14.483812" level="INFO">Switching context to context=e3be6fd3-2eee-41f6-a3aa-ecdb2999d818 in CURRENT</msg>
<msg time="2026-04-01T19:03:14.578427" level="INFO">Successfully changed active context: context=e3be6fd3-2eee-41f6-a3aa-ecdb2999d818</msg>
<msg time="2026-04-01T19:03:14.613941" level="INFO">Successfully closed Context</msg>
<status status="PASS" start="2026-04-01T19:03:10.430509" elapsed="3.979705"/>
</test>
<status status="PASS" start="2026-04-01T19:03:09.773798" elapsed="4.842644"/>
</suite>
<status status="PASS" start="2026-04-01T19:03:09.769958" elapsed="4.872382"/>
</suite>
<status status="PASS" start="2026-04-01T19:03:09.693413" elapsed="4.951489"/>
</suite>
<statistics>
<total>
<stat pass="1" fail="0" skip="0">All Tests</stat>
</total>
<tag>
</tag>
<suite>
<stat name="Tests" id="s1" pass="1" fail="0" skip="0">Tests</stat>
<stat name="Ui" id="s1-s1" pass="1" fail="0" skip="0">Tests.Ui</stat>
<stat name="Test" id="s1-s1-s1" pass="1" fail="0" skip="0">Tests.Ui.Test</stat>
</suite>
</statistics>
<errors>
</errors>
</robot>
