<?xml version="1.0" encoding="UTF-8"?>
<robot generator="Robot 7.4.2 (Python 3.13.5 on win32)" generated="2026-04-01T15:13:11.174419" rpa="false" schemaversion="5">
<suite id="s1" name="Tests" source="C:\Users\afiac\PycharmProjects\Projet_entreprise2\tests">
<suite id="s1-s1" name="Ui" source="C:\Users\afiac\PycharmProjects\Projet_entreprise2\tests\ui">
<suite id="s1-s1-s1" name="Test" source="C:\Users\afiac\PycharmProjects\Projet_entreprise2\tests\ui\test.robot">
<test id="s1-s1-s1-t1" name="Open Google" line="5">
<kw name="New Browser" owner="Browser">
<msg time="2026-04-01T15:13:11.905966" level="INFO">{"browser": "chromium", "headless": true, "chromiumSandbox": false, "devtools": false, "handleSIGHUP": true, "handleSIGINT": true, "handleSIGTERM": true, "slowMo": 0.0, "timeout": 30000.0, "tracesDir": "C:\\Users\\afiac\\PycharmProjects\\Projet_entreprise2\\resultats\\pabot_results\\4\\browser\\traces\\temp\\36321964-ecbc-45b2-aead-a850e75e1dc1"}</msg>
<msg time="2026-04-01T15:13:12.070952" level="INFO">Starting Browser process C:\Users\afiac\PycharmProjects\Projet_entreprise2\.venv\Lib\site-packages\Browser\wrapper\index.js using at 127.0.0.1:51871</msg>
<msg time="2026-04-01T15:13:14.519774" level="INFO">Successfully created browser with options: {"browser":"chromium","headless":true,"chromiumSandbox":false,"devtools":false,"handleSIGHUP":true,"handleSIGINT":true,"handleSIGTERM":true,"slowMo":0,"timeout":30000,"tracesDir":"C:\\Users\\afiac\\PycharmProjects\\Projet_entreprise2\\resultats\\pabot_results\\4\\browser\\traces\\temp\\36321964-ecbc-45b2-aead-a850e75e1dc1"}</msg>
<arg>chromium</arg>
<arg>headless=True</arg>
<tag>BrowserControl</tag>
<tag>Setter</tag>
<doc>Create a new playwright Browser with specified options.</doc>
<status status="PASS" start="2026-04-01T15:13:11.902996" elapsed="2.617075"/>
</kw>
<kw name="New Page" owner="Browser">
<msg time="2026-04-01T15:13:15.902462" level="INFO">Successfully initialized new page object and opened url: https://www.google.com</msg>
<msg time="2026-04-01T15:13:15.902678" level="INFO">No context was open. New context was automatically opened when this page is created.</msg>
<arg>https://www.google.com</arg>
<tag>BrowserControl</tag>
<tag>Setter</tag>
<doc>Open a new Page.</doc>
<status status="PASS" start="2026-04-01T15:13:14.521923" elapsed="1.381280"/>
</kw>
<msg time="2026-04-01T15:13:16.029444" level="INFO">Switching context to context=16d0b43b-3da6-42a9-ad0d-9ed911cfdb23 in CURRENT</msg>
<msg time="2026-04-01T15:13:16.082903" level="INFO">Successfully changed active context: context=16d0b43b-3da6-42a9-ad0d-9ed911cfdb23</msg>
<msg time="2026-04-01T15:13:16.114731" level="INFO">Successfully closed Context</msg>
<status status="PASS" start="2026-04-01T15:13:11.900189" elapsed="4.007156"/>
</test>
<status status="PASS" start="2026-04-01T15:13:11.433638" elapsed="4.683339"/>
</suite>
<status status="PASS" start="2026-04-01T15:13:11.431029" elapsed="4.704280"/>
</suite>
<status status="PASS" start="2026-04-01T15:13:11.379298" elapsed="4.758899"/>
</suite>
<statistics>
<total>
<stat pass="1" fail="0" skip="0">All Tests</stat>
</total>
<tag>
</tag>
<suite>
<stat name="Tests" id="s1" pass="1" fail="0" skip="0">Tests</stat>
<stat name="Ui" id="s1-s1" pass="1" fail="0" skip="0">Tests.Ui</stat>
<stat name="Test" id="s1-s1-s1" pass="1" fail="0" skip="0">Tests.Ui.Test</stat>
</suite>
</statistics>
<errors>
</errors>
</robot>
